# Logfile created on 2014-07-30 11:12:23 -0700 by logger.rb/44203
I, [2014-07-30T11:12:23.946476 #5097]  INFO -- : 0:  i18n (0.6.11) from /Users/antoniodangond/.rvm/gems/ruby-2.1.0/specifications/i18n-0.6.11.gemspec
I, [2014-07-30T11:12:23.946898 #5097]  INFO -- : 0:  json (1.8.1) from /Users/antoniodangond/.rvm/rubies/ruby-2.1.0/lib/ruby/gems/2.1.0/specifications/default/json-1.8.1.gemspec
I, [2014-07-30T11:12:25.131041 #5097]  INFO -- : 0:  minitest (5.4.0) from /Users/antoniodangond/.rvm/gems/ruby-2.1.0/specifications/minitest-5.4.0.gemspec
I, [2014-07-30T11:12:26.059846 #5097]  INFO -- : 0:  thread_safe (0.3.4) from /Users/antoniodangond/.rvm/gems/ruby-2.1.0/specifications/thread_safe-0.3.4.gemspec
I, [2014-07-30T11:12:26.963746 #5097]  INFO -- : 0:  tzinfo (1.2.1) from /Users/antoniodangond/.rvm/gems/ruby-2.1.0/specifications/tzinfo-1.2.1.gemspec
I, [2014-07-30T11:12:29.212181 #5097]  INFO -- : 0:  activesupport (4.1.4) from /Users/antoniodangond/.rvm/gems/ruby-2.1.0/specifications/activesupport-4.1.4.gemspec
I, [2014-07-30T11:12:29.212722 #5097]  INFO -- : 0:  builder (3.2.2) from /Users/antoniodangond/.rvm/gems/ruby-2.1.0/specifications/builder-3.2.2.gemspec
I, [2014-07-30T11:12:30.006354 #5097]  INFO -- : 0:  activemodel (4.1.4) from /Users/antoniodangond/.rvm/gems/ruby-2.1.0/specifications/activemodel-4.1.4.gemspec
I, [2014-07-30T11:12:31.055722 #5097]  INFO -- : 0:  arel (5.0.1.20140414130214) from /Users/antoniodangond/.rvm/gems/ruby-2.1.0/specifications/arel-5.0.1.20140414130214.gemspec
I, [2014-07-30T11:12:32.069776 #5097]  INFO -- : 0:  activerecord (4.1.4) from /Users/antoniodangond/.rvm/gems/ruby-2.1.0/specifications/activerecord-4.1.4.gemspec
I, [2014-07-30T11:12:32.070147 #5097]  INFO -- : 0:  diff-lcs (1.2.5) from /Users/antoniodangond/.rvm/gems/ruby-2.1.0/specifications/diff-lcs-1.2.5.gemspec
I, [2014-07-30T11:12:33.948534 #5097]  INFO -- : 0:  rspec-core (2.99.1) from /Users/antoniodangond/.rvm/gems/ruby-2.1.0/specifications/rspec-core-2.99.1.gemspec
I, [2014-07-30T11:12:34.920788 #5097]  INFO -- : 0:  rspec-expectations (2.99.2) from /Users/antoniodangond/.rvm/gems/ruby-2.1.0/specifications/rspec-expectations-2.99.2.gemspec
I, [2014-07-30T11:12:35.990839 #5097]  INFO -- : 0:  rspec-mocks (2.99.2) from /Users/antoniodangond/.rvm/gems/ruby-2.1.0/specifications/rspec-mocks-2.99.2.gemspec
I, [2014-07-30T11:12:36.604022 #5097]  INFO -- : 0:  rspec (2.99.0) from /Users/antoniodangond/.rvm/gems/ruby-2.1.0/specifications/rspec-2.99.0.gemspec
I, [2014-07-30T11:12:36.604548 #5097]  INFO -- : 0:  sqlite3 (1.3.9) from /Users/antoniodangond/.rvm/gems/ruby-2.1.0/specifications/sqlite3-1.3.9.gemspec
I, [2014-07-30T11:12:36.604910 #5097]  INFO -- : 0:  bundler (1.5.1) from /Users/antoniodangond/.rvm/gems/ruby-2.1.0@global/specifications/bundler-1.5.1.gemspec
I, [2014-07-30T15:57:06.642150 #6450]  INFO -- : 0:  i18n (0.6.11) from /Users/antoniodangond/.rvm/gems/ruby-2.1.0/specifications/i18n-0.6.11.gemspec
I, [2014-07-30T15:57:06.642550 #6450]  INFO -- : 0:  json (1.8.1) from /Users/antoniodangond/.rvm/rubies/ruby-2.1.0/lib/ruby/gems/2.1.0/specifications/default/json-1.8.1.gemspec
I, [2014-07-30T15:57:06.642858 #6450]  INFO -- : 0:  minitest (5.4.0) from /Users/antoniodangond/.rvm/gems/ruby-2.1.0/specifications/minitest-5.4.0.gemspec
I, [2014-07-30T15:57:06.643158 #6450]  INFO -- : 0:  thread_safe (0.3.4) from /Users/antoniodangond/.rvm/gems/ruby-2.1.0/specifications/thread_safe-0.3.4.gemspec
I, [2014-07-30T15:57:06.643447 #6450]  INFO -- : 0:  tzinfo (1.2.1) from /Users/antoniodangond/.rvm/gems/ruby-2.1.0/specifications/tzinfo-1.2.1.gemspec
I, [2014-07-30T15:57:06.643733 #6450]  INFO -- : 0:  activesupport (4.1.4) from /Users/antoniodangond/.rvm/gems/ruby-2.1.0/specifications/activesupport-4.1.4.gemspec
I, [2014-07-30T15:57:06.644006 #6450]  INFO -- : 0:  builder (3.2.2) from /Users/antoniodangond/.rvm/gems/ruby-2.1.0/specifications/builder-3.2.2.gemspec
I, [2014-07-30T15:57:06.644275 #6450]  INFO -- : 0:  activemodel (4.1.4) from /Users/antoniodangond/.rvm/gems/ruby-2.1.0/specifications/activemodel-4.1.4.gemspec
I, [2014-07-30T15:57:06.644610 #6450]  INFO -- : 0:  arel (5.0.1.20140414130214) from /Users/antoniodangond/.rvm/gems/ruby-2.1.0/specifications/arel-5.0.1.20140414130214.gemspec
I, [2014-07-30T15:57:06.644901 #6450]  INFO -- : 0:  activerecord (4.1.4) from /Users/antoniodangond/.rvm/gems/ruby-2.1.0/specifications/activerecord-4.1.4.gemspec
I, [2014-07-30T15:57:06.645166 #6450]  INFO -- : 0:  diff-lcs (1.2.5) from /Users/antoniodangond/.rvm/gems/ruby-2.1.0/specifications/diff-lcs-1.2.5.gemspec
I, [2014-07-30T15:57:06.645432 #6450]  INFO -- : 0:  rspec-core (2.99.1) from /Users/antoniodangond/.rvm/gems/ruby-2.1.0/specifications/rspec-core-2.99.1.gemspec
I, [2014-07-30T15:57:06.645699 #6450]  INFO -- : 0:  rspec-expectations (2.99.2) from /Users/antoniodangond/.rvm/gems/ruby-2.1.0/specifications/rspec-expectations-2.99.2.gemspec
I, [2014-07-30T15:57:06.645961 #6450]  INFO -- : 0:  rspec-mocks (2.99.2) from /Users/antoniodangond/.rvm/gems/ruby-2.1.0/specifications/rspec-mocks-2.99.2.gemspec
I, [2014-07-30T15:57:06.646223 #6450]  INFO -- : 0:  rspec (2.99.0) from /Users/antoniodangond/.rvm/gems/ruby-2.1.0/specifications/rspec-2.99.0.gemspec
I, [2014-07-30T15:57:06.646481 #6450]  INFO -- : 0:  sqlite3 (1.3.9) from /Users/antoniodangond/.rvm/gems/ruby-2.1.0/specifications/sqlite3-1.3.9.gemspec
I, [2014-07-30T15:57:06.646727 #6450]  INFO -- : 0:  bundler (1.5.1) from /Users/antoniodangond/.rvm/gems/ruby-2.1.0@global/specifications/bundler-1.5.1.gemspec
